  Project6.cpp
c:\users\nmw20\source\repos\project6\project6\project6.cpp(224): warning C4305: '-=': truncation from 'double' to 'float'
c:\users\nmw20\source\repos\project6\project6\project6.cpp(226): warning C4305: '-=': truncation from 'double' to 'float'
c:\users\nmw20\source\repos\project6\project6\project6.cpp(228): warning C4305: '-=': truncation from 'double' to 'float'
c:\users\nmw20\source\repos\project6\project6\project6.cpp(229): warning C4305: '-=': truncation from 'double' to 'float'
c:\users\nmw20\source\repos\project6\project6\project6.cpp(232): warning C4305: '-=': truncation from 'double' to 'float'
c:\users\nmw20\source\repos\project6\project6\project6.cpp(232): warning C4305: '+=': truncation from 'double' to 'float'
c:\users\nmw20\source\repos\project6\project6\project6.cpp(235): warning C4305: '+=': truncation from 'double' to 'float'
c:\users\nmw20\source\repos\project6\project6\project6.cpp(235): warning C4305: '-=': truncation from 'double' to 'float'
c:\users\nmw20\source\repos\project6\project6\project6.cpp(239): warning C4305: '+=': truncation from 'double' to 'float'
c:\users\nmw20\source\repos\project6\project6\project6.cpp(240): warning C4305: '+=': truncation from 'double' to 'float'
c:\users\nmw20\source\repos\project6\project6\project6.cpp(241): warning C4305: '+=': truncation from 'double' to 'float'
c:\users\nmw20\source\repos\project6\project6\project6.cpp(242): warning C4305: '+=': truncation from 'double' to 'float'
c:\users\nmw20\source\repos\project6\project6\project6.cpp(244): warning C4305: '-=': truncation from 'double' to 'float'
c:\users\nmw20\source\repos\project6\project6\project6.cpp(244): warning C4305: '+=': truncation from 'double' to 'float'
c:\users\nmw20\source\repos\project6\project6\project6.cpp(247): warning C4305: '+=': truncation from 'double' to 'float'
c:\users\nmw20\source\repos\project6\project6\project6.cpp(247): warning C4305: '-=': truncation from 'double' to 'float'
c:\users\nmw20\source\repos\project6\project6\project6.cpp(266): warning C4305: '+=': truncation from 'double' to 'float'
c:\users\nmw20\source\repos\project6\project6\project6.cpp(268): warning C4305: '+=': truncation from 'double' to 'float'
c:\users\nmw20\source\repos\project6\project6\project6.cpp(270): warning C4305: '+=': truncation from 'double' to 'float'
c:\users\nmw20\source\repos\project6\project6\project6.cpp(272): warning C4305: '+=': truncation from 'double' to 'float'
c:\users\nmw20\source\repos\project6\project6\project6.cpp(306): warning C4305: '-=': truncation from 'double' to 'float'
c:\users\nmw20\source\repos\project6\project6\project6.cpp(308): warning C4305: '-=': truncation from 'double' to 'float'
c:\users\nmw20\source\repos\project6\project6\project6.cpp(310): warning C4305: '-=': truncation from 'double' to 'float'
c:\users\nmw20\source\repos\project6\project6\project6.cpp(312): warning C4305: '-=': truncation from 'double' to 'float'
c:\users\nmw20\source\repos\project6\project6\project6.cpp(373): warning C4305: '-=': truncation from 'double' to 'float'
c:\users\nmw20\source\repos\project6\project6\project6.cpp(374): warning C4305: '-=': truncation from 'double' to 'float'
c:\users\nmw20\source\repos\project6\project6\project6.cpp(375): warning C4305: '-=': truncation from 'double' to 'float'
c:\users\nmw20\source\repos\project6\project6\project6.cpp(376): warning C4305: '-=': truncation from 'double' to 'float'
c:\users\nmw20\source\repos\project6\project6\project6.cpp(379): warning C4305: '-=': truncation from 'double' to 'float'
c:\users\nmw20\source\repos\project6\project6\project6.cpp(379): warning C4305: '+=': truncation from 'double' to 'float'
c:\users\nmw20\source\repos\project6\project6\project6.cpp(382): warning C4305: '+=': truncation from 'double' to 'float'
c:\users\nmw20\source\repos\project6\project6\project6.cpp(382): warning C4305: '-=': truncation from 'double' to 'float'
c:\users\nmw20\source\repos\project6\project6\project6.cpp(386): warning C4305: '-=': truncation from 'double' to 'float'
c:\users\nmw20\source\repos\project6\project6\project6.cpp(386): warning C4305: '+=': truncation from 'double' to 'float'
c:\users\nmw20\source\repos\project6\project6\project6.cpp(389): warning C4305: '+=': truncation from 'double' to 'float'
c:\users\nmw20\source\repos\project6\project6\project6.cpp(389): warning C4305: '-=': truncation from 'double' to 'float'
c:\users\nmw20\source\repos\project6\project6\project6.cpp(743): warning C4305: '=': truncation from 'double' to 'float'
c:\users\nmw20\source\repos\project6\project6\project6.cpp(780): warning C4305: '=': truncation from 'double' to 'float'
c:\users\nmw20\source\repos\project6\project6\project6.cpp(849): warning C4305: '=': truncation from 'double' to 'float'
  Project6.vcxproj -> C:\Users\nmw20\source\repos\Project6\Debug\Project6.exe
